<?xml version="1.0" encoding="UTF-8"?>
<!-- Generated by org.testng.reporters.JUnitReportReporter -->
<testsuite skipped="0" hostname="DESKTOP-ONE3769" name="open.qa.bookandplay.Test.SearchPageTest" tests="1" failures="0" timestamp="2020-02-05T10:32:20 IST" time="10.108" errors="0">
  <testcase name="TestSearchOption" time="10.108" classname="open.qa.bookandplay.Test.SearchPageTest"/>
  <system-out/>
</testsuite> <!-- open.qa.bookandplay.Test.SearchPageTest -->
